<?xml version="1.0" encoding="UTF-8"?>
<testsuite xmlns:xsi="http://www.w3.org/2001/XMLSchema-instance" xsi:noNamespaceSchemaLocation="https://maven.apache.org/surefire/maven-surefire-plugin/xsd/surefire-test-report.xsd" name="TestSuite" time="5.395" tests="5" errors="0" skipped="0" failures="0">
  <properties>
    <property name="gopherProxySet" value="false"/>
    <property name="awt.toolkit" value="sun.lwawt.macosx.LWCToolkit"/>
    <property name="java.specification.version" value="11"/>
    <property name="sun.cpu.isalist" value=""/>
    <property name="sun.jnu.encoding" value="UTF-8"/>
    <property name="java.class.path" value="/Users/matianze/Desktop/test/add-search-engine/target/test-classes:/Users/matianze/Desktop/test/add-search-engine/target/classes:/Users/matianze/.m2/repository/org/springframework/boot/spring-boot-starter-data-mongodb/2.3.4.RELEASE/spring-boot-starter-data-mongodb-2.3.4.RELEASE.jar:/Users/matianze/.m2/repository/org/springframework/boot/spring-boot-starter/2.3.4.RELEASE/spring-boot-starter-2.3.4.RELEASE.jar:/Users/matianze/.m2/repository/org/springframework/boot/spring-boot/2.3.4.RELEASE/spring-boot-2.3.4.RELEASE.jar:/Users/matianze/.m2/repository/org/springframework/boot/spring-boot-autoconfigure/2.3.4.RELEASE/spring-boot-autoconfigure-2.3.4.RELEASE.jar:/Users/matianze/.m2/repository/org/springframework/boot/spring-boot-starter-logging/2.3.4.RELEASE/spring-boot-starter-logging-2.3.4.RELEASE.jar:/Users/matianze/.m2/repository/ch/qos/logback/logback-classic/1.2.3/logback-classic-1.2.3.jar:/Users/matianze/.m2/repository/ch/qos/logback/logback-core/1.2.3/logback-core-1.2.3.jar:/Users/matianze/.m2/repository/org/apache/logging/log4j/log4j-to-slf4j/2.13.3/log4j-to-slf4j-2.13.3.jar:/Users/matianze/.m2/repository/org/apache/logging/log4j/log4j-api/2.13.3/log4j-api-2.13.3.jar:/Users/matianze/.m2/repository/org/slf4j/jul-to-slf4j/1.7.30/jul-to-slf4j-1.7.30.jar:/Users/matianze/.m2/repository/jakarta/annotation/jakarta.annotation-api/1.3.5/jakarta.annotation-api-1.3.5.jar:/Users/matianze/.m2/repository/org/yaml/snakeyaml/1.26/snakeyaml-1.26.jar:/Users/matianze/.m2/repository/org/mongodb/mongodb-driver-sync/4.0.5/mongodb-driver-sync-4.0.5.jar:/Users/matianze/.m2/repository/org/mongodb/bson/4.0.5/bson-4.0.5.jar:/Users/matianze/.m2/repository/org/mongodb/mongodb-driver-core/4.0.5/mongodb-driver-core-4.0.5.jar:/Users/matianze/.m2/repository/org/springframework/data/spring-data-mongodb/3.0.4.RELEASE/spring-data-mongodb-3.0.4.RELEASE.jar:/Users/matianze/.m2/repository/org/springframework/spring-tx/5.2.9.RELEASE/spring-tx-5.2.9.RELEASE.jar:/Users/matianze/.m2/repository/org/springframework/spring-context/5.2.9.RELEASE/spring-context-5.2.9.RELEASE.jar:/Users/matianze/.m2/repository/org/springframework/spring-beans/5.2.9.RELEASE/spring-beans-5.2.9.RELEASE.jar:/Users/matianze/.m2/repository/org/springframework/spring-expression/5.2.9.RELEASE/spring-expression-5.2.9.RELEASE.jar:/Users/matianze/.m2/repository/org/springframework/data/spring-data-commons/2.3.4.RELEASE/spring-data-commons-2.3.4.RELEASE.jar:/Users/matianze/.m2/repository/org/slf4j/slf4j-api/1.7.30/slf4j-api-1.7.30.jar:/Users/matianze/.m2/repository/org/springframework/boot/spring-boot-starter-data-rest/2.3.4.RELEASE/spring-boot-starter-data-rest-2.3.4.RELEASE.jar:/Users/matianze/.m2/repository/org/springframework/data/spring-data-rest-webmvc/3.3.4.RELEASE/spring-data-rest-webmvc-3.3.4.RELEASE.jar:/Users/matianze/.m2/repository/org/springframework/data/spring-data-rest-core/3.3.4.RELEASE/spring-data-rest-core-3.3.4.RELEASE.jar:/Users/matianze/.m2/repository/org/springframework/hateoas/spring-hateoas/1.1.2.RELEASE/spring-hateoas-1.1.2.RELEASE.jar:/Users/matianze/.m2/repository/org/springframework/plugin/spring-plugin-core/2.0.0.RELEASE/spring-plugin-core-2.0.0.RELEASE.jar:/Users/matianze/.m2/repository/org/atteo/evo-inflector/1.2.2/evo-inflector-1.2.2.jar:/Users/matianze/.m2/repository/com/fasterxml/jackson/core/jackson-databind/2.11.2/jackson-databind-2.11.2.jar:/Users/matianze/.m2/repository/com/fasterxml/jackson/core/jackson-core/2.11.2/jackson-core-2.11.2.jar:/Users/matianze/.m2/repository/com/fasterxml/jackson/core/jackson-annotations/2.11.2/jackson-annotations-2.11.2.jar:/Users/matianze/.m2/repository/org/springframework/boot/spring-boot-starter-thymeleaf/2.3.4.RELEASE/spring-boot-starter-thymeleaf-2.3.4.RELEASE.jar:/Users/matianze/.m2/repository/org/thymeleaf/thymeleaf-spring5/3.0.11.RELEASE/thymeleaf-spring5-3.0.11.RELEASE.jar:/Users/matianze/.m2/repository/org/thymeleaf/thymeleaf/3.0.11.RELEASE/thymeleaf-3.0.11.RELEASE.jar:/Users/matianze/.m2/repository/org/attoparser/attoparser/2.0.5.RELEASE/attoparser-2.0.5.RELEASE.jar:/Users/matianze/.m2/repository/org/unbescape/unbescape/1.1.6.RELEASE/unbescape-1.1.6.RELEASE.jar:/Users/matianze/.m2/repository/org/thymeleaf/extras/thymeleaf-extras-java8time/3.0.4.RELEASE/thymeleaf-extras-java8time-3.0.4.RELEASE.jar:/Users/matianze/.m2/repository/org/springframework/boot/spring-boot-starter-web/2.3.4.RELEASE/spring-boot-starter-web-2.3.4.RELEASE.jar:/Users/matianze/.m2/repository/org/springframework/boot/spring-boot-starter-json/2.3.4.RELEASE/spring-boot-starter-json-2.3.4.RELEASE.jar:/Users/matianze/.m2/repository/com/fasterxml/jackson/datatype/jackson-datatype-jdk8/2.11.2/jackson-datatype-jdk8-2.11.2.jar:/Users/matianze/.m2/repository/com/fasterxml/jackson/datatype/jackson-datatype-jsr310/2.11.2/jackson-datatype-jsr310-2.11.2.jar:/Users/matianze/.m2/repository/com/fasterxml/jackson/module/jackson-module-parameter-names/2.11.2/jackson-module-parameter-names-2.11.2.jar:/Users/matianze/.m2/repository/org/springframework/boot/spring-boot-starter-tomcat/2.3.4.RELEASE/spring-boot-starter-tomcat-2.3.4.RELEASE.jar:/Users/matianze/.m2/repository/org/apache/tomcat/embed/tomcat-embed-core/9.0.38/tomcat-embed-core-9.0.38.jar:/Users/matianze/.m2/repository/org/glassfish/jakarta.el/3.0.3/jakarta.el-3.0.3.jar:/Users/matianze/.m2/repository/org/apache/tomcat/embed/tomcat-embed-websocket/9.0.38/tomcat-embed-websocket-9.0.38.jar:/Users/matianze/.m2/repository/org/springframework/spring-web/5.2.9.RELEASE/spring-web-5.2.9.RELEASE.jar:/Users/matianze/.m2/repository/org/springframework/spring-webmvc/5.2.9.RELEASE/spring-webmvc-5.2.9.RELEASE.jar:/Users/matianze/.m2/repository/org/springframework/spring-aop/5.2.9.RELEASE/spring-aop-5.2.9.RELEASE.jar:/Users/matianze/.m2/repository/org/springframework/boot/spring-boot-starter-test/2.3.4.RELEASE/spring-boot-starter-test-2.3.4.RELEASE.jar:/Users/matianze/.m2/repository/org/springframework/boot/spring-boot-test/2.3.4.RELEASE/spring-boot-test-2.3.4.RELEASE.jar:/Users/matianze/.m2/repository/org/springframework/boot/spring-boot-test-autoconfigure/2.3.4.RELEASE/spring-boot-test-autoconfigure-2.3.4.RELEASE.jar:/Users/matianze/.m2/repository/com/jayway/jsonpath/json-path/2.4.0/json-path-2.4.0.jar:/Users/matianze/.m2/repository/net/minidev/json-smart/2.3/json-smart-2.3.jar:/Users/matianze/.m2/repository/net/minidev/accessors-smart/1.2/accessors-smart-1.2.jar:/Users/matianze/.m2/repository/jakarta/xml/bind/jakarta.xml.bind-api/2.3.3/jakarta.xml.bind-api-2.3.3.jar:/Users/matianze/.m2/repository/jakarta/activation/jakarta.activation-api/1.2.2/jakarta.activation-api-1.2.2.jar:/Users/matianze/.m2/repository/org/assertj/assertj-core/3.16.1/assertj-core-3.16.1.jar:/Users/matianze/.m2/repository/org/hamcrest/hamcrest/2.2/hamcrest-2.2.jar:/Users/matianze/.m2/repository/org/junit/jupiter/junit-jupiter/5.6.2/junit-jupiter-5.6.2.jar:/Users/matianze/.m2/repository/org/junit/jupiter/junit-jupiter-api/5.6.2/junit-jupiter-api-5.6.2.jar:/Users/matianze/.m2/repository/org/apiguardian/apiguardian-api/1.1.0/apiguardian-api-1.1.0.jar:/Users/matianze/.m2/repository/org/opentest4j/opentest4j/1.2.0/opentest4j-1.2.0.jar:/Users/matianze/.m2/repository/org/junit/platform/junit-platform-commons/1.6.2/junit-platform-commons-1.6.2.jar:/Users/matianze/.m2/repository/org/junit/jupiter/junit-jupiter-params/5.6.2/junit-jupiter-params-5.6.2.jar:/Users/matianze/.m2/repository/org/junit/jupiter/junit-jupiter-engine/5.6.2/junit-jupiter-engine-5.6.2.jar:/Users/matianze/.m2/repository/org/junit/platform/junit-platform-engine/1.6.2/junit-platform-engine-1.6.2.jar:/Users/matianze/.m2/repository/org/mockito/mockito-core/3.3.3/mockito-core-3.3.3.jar:/Users/matianze/.m2/repository/net/bytebuddy/byte-buddy/1.10.14/byte-buddy-1.10.14.jar:/Users/matianze/.m2/repository/net/bytebuddy/byte-buddy-agent/1.10.14/byte-buddy-agent-1.10.14.jar:/Users/matianze/.m2/repository/org/objenesis/objenesis/2.6/objenesis-2.6.jar:/Users/matianze/.m2/repository/org/mockito/mockito-junit-jupiter/3.3.3/mockito-junit-jupiter-3.3.3.jar:/Users/matianze/.m2/repository/org/skyscreamer/jsonassert/1.5.0/jsonassert-1.5.0.jar:/Users/matianze/.m2/repository/com/vaadin/external/google/android-json/0.0.20131108.vaadin1/android-json-0.0.20131108.vaadin1.jar:/Users/matianze/.m2/repository/org/springframework/spring-core/5.2.9.RELEASE/spring-core-5.2.9.RELEASE.jar:/Users/matianze/.m2/repository/org/springframework/spring-jcl/5.2.9.RELEASE/spring-jcl-5.2.9.RELEASE.jar:/Users/matianze/.m2/repository/org/xmlunit/xmlunit-core/2.7.0/xmlunit-core-2.7.0.jar:/Users/matianze/.m2/repository/org/json/json/20200518/json-20200518.jar:/Users/matianze/.m2/repository/org/jacoco/jacoco-maven-plugin/0.8.2/jacoco-maven-plugin-0.8.2.jar:/Users/matianze/.m2/repository/org/apache/maven/maven-plugin-api/2.2.1/maven-plugin-api-2.2.1.jar:/Users/matianze/.m2/repository/org/apache/maven/maven-project/2.2.1/maven-project-2.2.1.jar:/Users/matianze/.m2/repository/org/apache/maven/maven-settings/2.2.1/maven-settings-2.2.1.jar:/Users/matianze/.m2/repository/org/apache/maven/maven-profile/2.2.1/maven-profile-2.2.1.jar:/Users/matianze/.m2/repository/org/apache/maven/maven-model/2.2.1/maven-model-2.2.1.jar:/Users/matianze/.m2/repository/org/apache/maven/maven-artifact-manager/2.2.1/maven-artifact-manager-2.2.1.jar:/Users/matianze/.m2/repository/org/apache/maven/maven-repository-metadata/2.2.1/maven-repository-metadata-2.2.1.jar:/Users/matianze/.m2/repository/org/apache/maven/wagon/wagon-provider-api/1.0-beta-6/wagon-provider-api-1.0-beta-6.jar:/Users/matianze/.m2/repository/backport-util-concurrent/backport-util-concurrent/3.1/backport-util-concurrent-3.1.jar:/Users/matianze/.m2/repository/org/apache/maven/maven-plugin-registry/2.2.1/maven-plugin-registry-2.2.1.jar:/Users/matianze/.m2/repository/org/codehaus/plexus/plexus-interpolation/1.11/plexus-interpolation-1.11.jar:/Users/matianze/.m2/repository/org/apache/maven/maven-artifact/2.2.1/maven-artifact-2.2.1.jar:/Users/matianze/.m2/repository/org/codehaus/plexus/plexus-container-default/1.0-alpha-9-stable-1/plexus-container-default-1.0-alpha-9-stable-1.jar:/Users/matianze/.m2/repository/classworlds/classworlds/1.1-alpha-2/classworlds-1.1-alpha-2.jar:/Users/matianze/.m2/repository/org/codehaus/plexus/plexus-utils/3.0.22/plexus-utils-3.0.22.jar:/Users/matianze/.m2/repository/org/apache/maven/shared/file-management/1.2.1/file-management-1.2.1.jar:/Users/matianze/.m2/repository/org/apache/maven/shared/maven-shared-io/1.1/maven-shared-io-1.1.jar:/Users/matianze/.m2/repository/org/apache/maven/reporting/maven-reporting-api/2.2.1/maven-reporting-api-2.2.1.jar:/Users/matianze/.m2/repository/org/apache/maven/doxia/doxia-sink-api/1.1/doxia-sink-api-1.1.jar:/Users/matianze/.m2/repository/org/apache/maven/doxia/doxia-logging-api/1.1/doxia-logging-api-1.1.jar:/Users/matianze/.m2/repository/org/apache/maven/reporting/maven-reporting-impl/2.1/maven-reporting-impl-2.1.jar:/Users/matianze/.m2/repository/org/apache/maven/doxia/doxia-core/1.1.2/doxia-core-1.1.2.jar:/Users/matianze/.m2/repository/xerces/xercesImpl/2.8.1/xercesImpl-2.8.1.jar:/Users/matianze/.m2/repository/commons-lang/commons-lang/2.4/commons-lang-2.4.jar:/Users/matianze/.m2/repository/commons-httpclient/commons-httpclient/3.1/commons-httpclient-3.1.jar:/Users/matianze/.m2/repository/org/apache/maven/doxia/doxia-site-renderer/1.1.2/doxia-site-renderer-1.1.2.jar:/Users/matianze/.m2/repository/org/apache/maven/doxia/doxia-decoration-model/1.1.2/doxia-decoration-model-1.1.2.jar:/Users/matianze/.m2/repository/org/apache/maven/doxia/doxia-module-xhtml/1.1.2/doxia-module-xhtml-1.1.2.jar:/Users/matianze/.m2/repository/org/apache/maven/doxia/doxia-module-fml/1.1.2/doxia-module-fml-1.1.2.jar:/Users/matianze/.m2/repository/org/codehaus/plexus/plexus-i18n/1.0-beta-7/plexus-i18n-1.0-beta-7.jar:/Users/matianze/.m2/repository/org/codehaus/plexus/plexus-velocity/1.1.7/plexus-velocity-1.1.7.jar:/Users/matianze/.m2/repository/org/apache/velocity/velocity/1.5/velocity-1.5.jar:/Users/matianze/.m2/repository/commons-collections/commons-collections/3.2/commons-collections-3.2.jar:/Users/matianze/.m2/repository/commons-validator/commons-validator/1.2.0/commons-validator-1.2.0.jar:/Users/matianze/.m2/repository/commons-beanutils/commons-beanutils/1.7.0/commons-beanutils-1.7.0.jar:/Users/matianze/.m2/repository/commons-digester/commons-digester/1.6/commons-digester-1.6.jar:/Users/matianze/.m2/repository/commons-logging/commons-logging/1.0.4/commons-logging-1.0.4.jar:/Users/matianze/.m2/repository/oro/oro/2.0.8/oro-2.0.8.jar:/Users/matianze/.m2/repository/xml-apis/xml-apis/1.0.b2/xml-apis-1.0.b2.jar:/Users/matianze/.m2/repository/org/jacoco/org.jacoco.agent/0.8.2/org.jacoco.agent-0.8.2-runtime.jar:/Users/matianze/.m2/repository/org/jacoco/org.jacoco.core/0.8.2/org.jacoco.core-0.8.2.jar:/Users/matianze/.m2/repository/org/ow2/asm/asm/6.2.1/asm-6.2.1.jar:/Users/matianze/.m2/repository/org/ow2/asm/asm-commons/6.2.1/asm-commons-6.2.1.jar:/Users/matianze/.m2/repository/org/ow2/asm/asm-analysis/6.2.1/asm-analysis-6.2.1.jar:/Users/matianze/.m2/repository/org/ow2/asm/asm-tree/6.2.1/asm-tree-6.2.1.jar:/Users/matianze/.m2/repository/org/jacoco/org.jacoco.report/0.8.2/org.jacoco.report-0.8.2.jar:/Users/matianze/.m2/repository/com/google/code/gson/gson/2.8.6/gson-2.8.6.jar:/Users/matianze/.m2/repository/org/apache/httpcomponents/httpclient/4.0-alpha4/httpclient-4.0-alpha4.jar:/Users/matianze/.m2/repository/commons-codec/commons-codec/1.14/commons-codec-1.14.jar:/Users/matianze/.m2/repository/org/apache/httpcomponents/httpcore/4.0-alpha6/httpcore-4.0-alpha6.jar:/Users/matianze/.m2/repository/org/springframework/security/spring-security-crypto/5.4.1/spring-security-crypto-5.4.1.jar:/Users/matianze/.m2/repository/org/projectlombok/lombok/1.18.2/lombok-1.18.2.jar:/Users/matianze/.m2/repository/junit/junit/4.12/junit-4.12.jar:/Users/matianze/.m2/repository/org/hamcrest/hamcrest-core/2.2/hamcrest-core-2.2.jar:/Users/matianze/.m2/repository/org/springframework/spring-test/4.3.3.RELEASE/spring-test-4.3.3.RELEASE.jar:/Users/matianze/.m2/repository/org/testng/testng/6.14.2/testng-6.14.2.jar:/Users/matianze/.m2/repository/com/beust/jcommander/1.72/jcommander-1.72.jar:/Users/matianze/.m2/repository/org/apache-extras/beanshell/bsh/2.0b6/bsh-2.0b6.jar:/Users/matianze/.m2/repository/com/alibaba/fastjson/1.2.28/fastjson-1.2.28.jar:"/>
    <property name="java.vm.vendor" value="Oracle Corporation"/>
    <property name="sun.arch.data.model" value="64"/>
    <property name="java.vendor.url" value="https://openjdk.java.net/"/>
    <property name="user.timezone" value=""/>
    <property name="java.vm.specification.version" value="11"/>
    <property name="os.name" value="Mac OS X"/>
    <property name="sun.java.launcher" value="SUN_STANDARD"/>
    <property name="user.country" value="US"/>
    <property name="sun.boot.library.path" value="/Library/Java/JavaVirtualMachines/jdk-11.0.7.jdk/Contents/Home/lib"/>
    <property name="sun.java.command" value="/Users/matianze/Desktop/test/add-search-engine/target/surefire/surefirebooter9226633040169500400.jar /Users/matianze/Desktop/test/add-search-engine/target/surefire 2020-12-03T01-00-26_355-jvmRun1 surefire11779532484713484108tmp surefire_015744352996481508989tmp"/>
    <property name="http.nonProxyHosts" value="local|*.local|169.254/16|*.169.254/16"/>
    <property name="jdk.debug" value="release"/>
    <property name="surefire.test.class.path" value="/Users/matianze/Desktop/test/add-search-engine/target/test-classes:/Users/matianze/Desktop/test/add-search-engine/target/classes:/Users/matianze/.m2/repository/org/springframework/boot/spring-boot-starter-data-mongodb/2.3.4.RELEASE/spring-boot-starter-data-mongodb-2.3.4.RELEASE.jar:/Users/matianze/.m2/repository/org/springframework/boot/spring-boot-starter/2.3.4.RELEASE/spring-boot-starter-2.3.4.RELEASE.jar:/Users/matianze/.m2/repository/org/springframework/boot/spring-boot/2.3.4.RELEASE/spring-boot-2.3.4.RELEASE.jar:/Users/matianze/.m2/repository/org/springframework/boot/spring-boot-autoconfigure/2.3.4.RELEASE/spring-boot-autoconfigure-2.3.4.RELEASE.jar:/Users/matianze/.m2/repository/org/springframework/boot/spring-boot-starter-logging/2.3.4.RELEASE/spring-boot-starter-logging-2.3.4.RELEASE.jar:/Users/matianze/.m2/repository/ch/qos/logback/logback-classic/1.2.3/logback-classic-1.2.3.jar:/Users/matianze/.m2/repository/ch/qos/logback/logback-core/1.2.3/logback-core-1.2.3.jar:/Users/matianze/.m2/repository/org/apache/logging/log4j/log4j-to-slf4j/2.13.3/log4j-to-slf4j-2.13.3.jar:/Users/matianze/.m2/repository/org/apache/logging/log4j/log4j-api/2.13.3/log4j-api-2.13.3.jar:/Users/matianze/.m2/repository/org/slf4j/jul-to-slf4j/1.7.30/jul-to-slf4j-1.7.30.jar:/Users/matianze/.m2/repository/jakarta/annotation/jakarta.annotation-api/1.3.5/jakarta.annotation-api-1.3.5.jar:/Users/matianze/.m2/repository/org/yaml/snakeyaml/1.26/snakeyaml-1.26.jar:/Users/matianze/.m2/repository/org/mongodb/mongodb-driver-sync/4.0.5/mongodb-driver-sync-4.0.5.jar:/Users/matianze/.m2/repository/org/mongodb/bson/4.0.5/bson-4.0.5.jar:/Users/matianze/.m2/repository/org/mongodb/mongodb-driver-core/4.0.5/mongodb-driver-core-4.0.5.jar:/Users/matianze/.m2/repository/org/springframework/data/spring-data-mongodb/3.0.4.RELEASE/spring-data-mongodb-3.0.4.RELEASE.jar:/Users/matianze/.m2/repository/org/springframework/spring-tx/5.2.9.RELEASE/spring-tx-5.2.9.RELEASE.jar:/Users/matianze/.m2/repository/org/springframework/spring-context/5.2.9.RELEASE/spring-context-5.2.9.RELEASE.jar:/Users/matianze/.m2/repository/org/springframework/spring-beans/5.2.9.RELEASE/spring-beans-5.2.9.RELEASE.jar:/Users/matianze/.m2/repository/org/springframework/spring-expression/5.2.9.RELEASE/spring-expression-5.2.9.RELEASE.jar:/Users/matianze/.m2/repository/org/springframework/data/spring-data-commons/2.3.4.RELEASE/spring-data-commons-2.3.4.RELEASE.jar:/Users/matianze/.m2/repository/org/slf4j/slf4j-api/1.7.30/slf4j-api-1.7.30.jar:/Users/matianze/.m2/repository/org/springframework/boot/spring-boot-starter-data-rest/2.3.4.RELEASE/spring-boot-starter-data-rest-2.3.4.RELEASE.jar:/Users/matianze/.m2/repository/org/springframework/data/spring-data-rest-webmvc/3.3.4.RELEASE/spring-data-rest-webmvc-3.3.4.RELEASE.jar:/Users/matianze/.m2/repository/org/springframework/data/spring-data-rest-core/3.3.4.RELEASE/spring-data-rest-core-3.3.4.RELEASE.jar:/Users/matianze/.m2/repository/org/springframework/hateoas/spring-hateoas/1.1.2.RELEASE/spring-hateoas-1.1.2.RELEASE.jar:/Users/matianze/.m2/repository/org/springframework/plugin/spring-plugin-core/2.0.0.RELEASE/spring-plugin-core-2.0.0.RELEASE.jar:/Users/matianze/.m2/repository/org/atteo/evo-inflector/1.2.2/evo-inflector-1.2.2.jar:/Users/matianze/.m2/repository/com/fasterxml/jackson/core/jackson-databind/2.11.2/jackson-databind-2.11.2.jar:/Users/matianze/.m2/repository/com/fasterxml/jackson/core/jackson-core/2.11.2/jackson-core-2.11.2.jar:/Users/matianze/.m2/repository/com/fasterxml/jackson/core/jackson-annotations/2.11.2/jackson-annotations-2.11.2.jar:/Users/matianze/.m2/repository/org/springframework/boot/spring-boot-starter-thymeleaf/2.3.4.RELEASE/spring-boot-starter-thymeleaf-2.3.4.RELEASE.jar:/Users/matianze/.m2/repository/org/thymeleaf/thymeleaf-spring5/3.0.11.RELEASE/thymeleaf-spring5-3.0.11.RELEASE.jar:/Users/matianze/.m2/repository/org/thymeleaf/thymeleaf/3.0.11.RELEASE/thymeleaf-3.0.11.RELEASE.jar:/Users/matianze/.m2/repository/org/attoparser/attoparser/2.0.5.RELEASE/attoparser-2.0.5.RELEASE.jar:/Users/matianze/.m2/repository/org/unbescape/unbescape/1.1.6.RELEASE/unbescape-1.1.6.RELEASE.jar:/Users/matianze/.m2/repository/org/thymeleaf/extras/thymeleaf-extras-java8time/3.0.4.RELEASE/thymeleaf-extras-java8time-3.0.4.RELEASE.jar:/Users/matianze/.m2/repository/org/springframework/boot/spring-boot-starter-web/2.3.4.RELEASE/spring-boot-starter-web-2.3.4.RELEASE.jar:/Users/matianze/.m2/repository/org/springframework/boot/spring-boot-starter-json/2.3.4.RELEASE/spring-boot-starter-json-2.3.4.RELEASE.jar:/Users/matianze/.m2/repository/com/fasterxml/jackson/datatype/jackson-datatype-jdk8/2.11.2/jackson-datatype-jdk8-2.11.2.jar:/Users/matianze/.m2/repository/com/fasterxml/jackson/datatype/jackson-datatype-jsr310/2.11.2/jackson-datatype-jsr310-2.11.2.jar:/Users/matianze/.m2/repository/com/fasterxml/jackson/module/jackson-module-parameter-names/2.11.2/jackson-module-parameter-names-2.11.2.jar:/Users/matianze/.m2/repository/org/springframework/boot/spring-boot-starter-tomcat/2.3.4.RELEASE/spring-boot-starter-tomcat-2.3.4.RELEASE.jar:/Users/matianze/.m2/repository/org/apache/tomcat/embed/tomcat-embed-core/9.0.38/tomcat-embed-core-9.0.38.jar:/Users/matianze/.m2/repository/org/glassfish/jakarta.el/3.0.3/jakarta.el-3.0.3.jar:/Users/matianze/.m2/repository/org/apache/tomcat/embed/tomcat-embed-websocket/9.0.38/tomcat-embed-websocket-9.0.38.jar:/Users/matianze/.m2/repository/org/springframework/spring-web/5.2.9.RELEASE/spring-web-5.2.9.RELEASE.jar:/Users/matianze/.m2/repository/org/springframework/spring-webmvc/5.2.9.RELEASE/spring-webmvc-5.2.9.RELEASE.jar:/Users/matianze/.m2/repository/org/springframework/spring-aop/5.2.9.RELEASE/spring-aop-5.2.9.RELEASE.jar:/Users/matianze/.m2/repository/org/springframework/boot/spring-boot-starter-test/2.3.4.RELEASE/spring-boot-starter-test-2.3.4.RELEASE.jar:/Users/matianze/.m2/repository/org/springframework/boot/spring-boot-test/2.3.4.RELEASE/spring-boot-test-2.3.4.RELEASE.jar:/Users/matianze/.m2/repository/org/springframework/boot/spring-boot-test-autoconfigure/2.3.4.RELEASE/spring-boot-test-autoconfigure-2.3.4.RELEASE.jar:/Users/matianze/.m2/repository/com/jayway/jsonpath/json-path/2.4.0/json-path-2.4.0.jar:/Users/matianze/.m2/repository/net/minidev/json-smart/2.3/json-smart-2.3.jar:/Users/matianze/.m2/repository/net/minidev/accessors-smart/1.2/accessors-smart-1.2.jar:/Users/matianze/.m2/repository/jakarta/xml/bind/jakarta.xml.bind-api/2.3.3/jakarta.xml.bind-api-2.3.3.jar:/Users/matianze/.m2/repository/jakarta/activation/jakarta.activation-api/1.2.2/jakarta.activation-api-1.2.2.jar:/Users/matianze/.m2/repository/org/assertj/assertj-core/3.16.1/assertj-core-3.16.1.jar:/Users/matianze/.m2/repository/org/hamcrest/hamcrest/2.2/hamcrest-2.2.jar:/Users/matianze/.m2/repository/org/junit/jupiter/junit-jupiter/5.6.2/junit-jupiter-5.6.2.jar:/Users/matianze/.m2/repository/org/junit/jupiter/junit-jupiter-api/5.6.2/junit-jupiter-api-5.6.2.jar:/Users/matianze/.m2/repository/org/apiguardian/apiguardian-api/1.1.0/apiguardian-api-1.1.0.jar:/Users/matianze/.m2/repository/org/opentest4j/opentest4j/1.2.0/opentest4j-1.2.0.jar:/Users/matianze/.m2/repository/org/junit/platform/junit-platform-commons/1.6.2/junit-platform-commons-1.6.2.jar:/Users/matianze/.m2/repository/org/junit/jupiter/junit-jupiter-params/5.6.2/junit-jupiter-params-5.6.2.jar:/Users/matianze/.m2/repository/org/junit/jupiter/junit-jupiter-engine/5.6.2/junit-jupiter-engine-5.6.2.jar:/Users/matianze/.m2/repository/org/junit/platform/junit-platform-engine/1.6.2/junit-platform-engine-1.6.2.jar:/Users/matianze/.m2/repository/org/mockito/mockito-core/3.3.3/mockito-core-3.3.3.jar:/Users/matianze/.m2/repository/net/bytebuddy/byte-buddy/1.10.14/byte-buddy-1.10.14.jar:/Users/matianze/.m2/repository/net/bytebuddy/byte-buddy-agent/1.10.14/byte-buddy-agent-1.10.14.jar:/Users/matianze/.m2/repository/org/objenesis/objenesis/2.6/objenesis-2.6.jar:/Users/matianze/.m2/repository/org/mockito/mockito-junit-jupiter/3.3.3/mockito-junit-jupiter-3.3.3.jar:/Users/matianze/.m2/repository/org/skyscreamer/jsonassert/1.5.0/jsonassert-1.5.0.jar:/Users/matianze/.m2/repository/com/vaadin/external/google/android-json/0.0.20131108.vaadin1/android-json-0.0.20131108.vaadin1.jar:/Users/matianze/.m2/repository/org/springframework/spring-core/5.2.9.RELEASE/spring-core-5.2.9.RELEASE.jar:/Users/matianze/.m2/repository/org/springframework/spring-jcl/5.2.9.RELEASE/spring-jcl-5.2.9.RELEASE.jar:/Users/matianze/.m2/repository/org/xmlunit/xmlunit-core/2.7.0/xmlunit-core-2.7.0.jar:/Users/matianze/.m2/repository/org/json/json/20200518/json-20200518.jar:/Users/matianze/.m2/repository/org/jacoco/jacoco-maven-plugin/0.8.2/jacoco-maven-plugin-0.8.2.jar:/Users/matianze/.m2/repository/org/apache/maven/maven-plugin-api/2.2.1/maven-plugin-api-2.2.1.jar:/Users/matianze/.m2/repository/org/apache/maven/maven-project/2.2.1/maven-project-2.2.1.jar:/Users/matianze/.m2/repository/org/apache/maven/maven-settings/2.2.1/maven-settings-2.2.1.jar:/Users/matianze/.m2/repository/org/apache/maven/maven-profile/2.2.1/maven-profile-2.2.1.jar:/Users/matianze/.m2/repository/org/apache/maven/maven-model/2.2.1/maven-model-2.2.1.jar:/Users/matianze/.m2/repository/org/apache/maven/maven-artifact-manager/2.2.1/maven-artifact-manager-2.2.1.jar:/Users/matianze/.m2/repository/org/apache/maven/maven-repository-metadata/2.2.1/maven-repository-metadata-2.2.1.jar:/Users/matianze/.m2/repository/org/apache/maven/wagon/wagon-provider-api/1.0-beta-6/wagon-provider-api-1.0-beta-6.jar:/Users/matianze/.m2/repository/backport-util-concurrent/backport-util-concurrent/3.1/backport-util-concurrent-3.1.jar:/Users/matianze/.m2/repository/org/apache/maven/maven-plugin-registry/2.2.1/maven-plugin-registry-2.2.1.jar:/Users/matianze/.m2/repository/org/codehaus/plexus/plexus-interpolation/1.11/plexus-interpolation-1.11.jar:/Users/matianze/.m2/repository/org/apache/maven/maven-artifact/2.2.1/maven-artifact-2.2.1.jar:/Users/matianze/.m2/repository/org/codehaus/plexus/plexus-container-default/1.0-alpha-9-stable-1/plexus-container-default-1.0-alpha-9-stable-1.jar:/Users/matianze/.m2/repository/classworlds/classworlds/1.1-alpha-2/classworlds-1.1-alpha-2.jar:/Users/matianze/.m2/repository/org/codehaus/plexus/plexus-utils/3.0.22/plexus-utils-3.0.22.jar:/Users/matianze/.m2/repository/org/apache/maven/shared/file-management/1.2.1/file-management-1.2.1.jar:/Users/matianze/.m2/repository/org/apache/maven/shared/maven-shared-io/1.1/maven-shared-io-1.1.jar:/Users/matianze/.m2/repository/org/apache/maven/reporting/maven-reporting-api/2.2.1/maven-reporting-api-2.2.1.jar:/Users/matianze/.m2/repository/org/apache/maven/doxia/doxia-sink-api/1.1/doxia-sink-api-1.1.jar:/Users/matianze/.m2/repository/org/apache/maven/doxia/doxia-logging-api/1.1/doxia-logging-api-1.1.jar:/Users/matianze/.m2/repository/org/apache/maven/reporting/maven-reporting-impl/2.1/maven-reporting-impl-2.1.jar:/Users/matianze/.m2/repository/org/apache/maven/doxia/doxia-core/1.1.2/doxia-core-1.1.2.jar:/Users/matianze/.m2/repository/xerces/xercesImpl/2.8.1/xercesImpl-2.8.1.jar:/Users/matianze/.m2/repository/commons-lang/commons-lang/2.4/commons-lang-2.4.jar:/Users/matianze/.m2/repository/commons-httpclient/commons-httpclient/3.1/commons-httpclient-3.1.jar:/Users/matianze/.m2/repository/org/apache/maven/doxia/doxia-site-renderer/1.1.2/doxia-site-renderer-1.1.2.jar:/Users/matianze/.m2/repository/org/apache/maven/doxia/doxia-decoration-model/1.1.2/doxia-decoration-model-1.1.2.jar:/Users/matianze/.m2/repository/org/apache/maven/doxia/doxia-module-xhtml/1.1.2/doxia-module-xhtml-1.1.2.jar:/Users/matianze/.m2/repository/org/apache/maven/doxia/doxia-module-fml/1.1.2/doxia-module-fml-1.1.2.jar:/Users/matianze/.m2/repository/org/codehaus/plexus/plexus-i18n/1.0-beta-7/plexus-i18n-1.0-beta-7.jar:/Users/matianze/.m2/repository/org/codehaus/plexus/plexus-velocity/1.1.7/plexus-velocity-1.1.7.jar:/Users/matianze/.m2/repository/org/apache/velocity/velocity/1.5/velocity-1.5.jar:/Users/matianze/.m2/repository/commons-collections/commons-collections/3.2/commons-collections-3.2.jar:/Users/matianze/.m2/repository/commons-validator/commons-validator/1.2.0/commons-validator-1.2.0.jar:/Users/matianze/.m2/repository/commons-beanutils/commons-beanutils/1.7.0/commons-beanutils-1.7.0.jar:/Users/matianze/.m2/repository/commons-digester/commons-digester/1.6/commons-digester-1.6.jar:/Users/matianze/.m2/repository/commons-logging/commons-logging/1.0.4/commons-logging-1.0.4.jar:/Users/matianze/.m2/repository/oro/oro/2.0.8/oro-2.0.8.jar:/Users/matianze/.m2/repository/xml-apis/xml-apis/1.0.b2/xml-apis-1.0.b2.jar:/Users/matianze/.m2/repository/org/jacoco/org.jacoco.agent/0.8.2/org.jacoco.agent-0.8.2-runtime.jar:/Users/matianze/.m2/repository/org/jacoco/org.jacoco.core/0.8.2/org.jacoco.core-0.8.2.jar:/Users/matianze/.m2/repository/org/ow2/asm/asm/6.2.1/asm-6.2.1.jar:/Users/matianze/.m2/repository/org/ow2/asm/asm-commons/6.2.1/asm-commons-6.2.1.jar:/Users/matianze/.m2/repository/org/ow2/asm/asm-analysis/6.2.1/asm-analysis-6.2.1.jar:/Users/matianze/.m2/repository/org/ow2/asm/asm-tree/6.2.1/asm-tree-6.2.1.jar:/Users/matianze/.m2/repository/org/jacoco/org.jacoco.report/0.8.2/org.jacoco.report-0.8.2.jar:/Users/matianze/.m2/repository/com/google/code/gson/gson/2.8.6/gson-2.8.6.jar:/Users/matianze/.m2/repository/org/apache/httpcomponents/httpclient/4.0-alpha4/httpclient-4.0-alpha4.jar:/Users/matianze/.m2/repository/commons-codec/commons-codec/1.14/commons-codec-1.14.jar:/Users/matianze/.m2/repository/org/apache/httpcomponents/httpcore/4.0-alpha6/httpcore-4.0-alpha6.jar:/Users/matianze/.m2/repository/org/springframework/security/spring-security-crypto/5.4.1/spring-security-crypto-5.4.1.jar:/Users/matianze/.m2/repository/org/projectlombok/lombok/1.18.2/lombok-1.18.2.jar:/Users/matianze/.m2/repository/junit/junit/4.12/junit-4.12.jar:/Users/matianze/.m2/repository/org/hamcrest/hamcrest-core/2.2/hamcrest-core-2.2.jar:/Users/matianze/.m2/repository/org/springframework/spring-test/4.3.3.RELEASE/spring-test-4.3.3.RELEASE.jar:/Users/matianze/.m2/repository/org/testng/testng/6.14.2/testng-6.14.2.jar:/Users/matianze/.m2/repository/com/beust/jcommander/1.72/jcommander-1.72.jar:/Users/matianze/.m2/repository/org/apache-extras/beanshell/bsh/2.0b6/bsh-2.0b6.jar:/Users/matianze/.m2/repository/com/alibaba/fastjson/1.2.28/fastjson-1.2.28.jar:"/>
    <property name="sun.cpu.endian" value="little"/>
    <property name="user.home" value="/Users/matianze"/>
    <property name="user.language" value="en"/>
    <property name="java.specification.vendor" value="Oracle Corporation"/>
    <property name="java.version.date" value="2020-04-14"/>
    <property name="java.home" value="/Library/Java/JavaVirtualMachines/jdk-11.0.7.jdk/Contents/Home"/>
    <property name="file.separator" value="/"/>
    <property name="basedir" value="/Users/matianze/Desktop/test/add-search-engine"/>
    <property name="java.vm.compressedOopsMode" value="Zero based"/>
    <property name="line.separator" value="&#10;"/>
    <property name="java.specification.name" value="Java Platform API Specification"/>
    <property name="java.vm.specification.vendor" value="Oracle Corporation"/>
    <property name="java.awt.graphicsenv" value="sun.awt.CGraphicsEnvironment"/>
    <property name="idea.version2020.1.1" value="true"/>
    <property name="surefire.real.class.path" value="/Users/matianze/Desktop/test/add-search-engine/target/surefire/surefirebooter9226633040169500400.jar"/>
    <property name="sun.management.compiler" value="HotSpot 64-Bit Tiered Compilers"/>
    <property name="ftp.nonProxyHosts" value="local|*.local|169.254/16|*.169.254/16"/>
    <property name="java.runtime.version" value="11.0.7+8-LTS"/>
    <property name="user.name" value="matianze"/>
    <property name="path.separator" value=":"/>
    <property name="os.version" value="10.15.7"/>
    <property name="java.runtime.name" value="Java(TM) SE Runtime Environment"/>
    <property name="file.encoding" value="UTF-8"/>
    <property name="java.vm.name" value="Java HotSpot(TM) 64-Bit Server VM"/>
    <property name="java.vendor.version" value="18.9"/>
    <property name="localRepository" value="/Users/matianze/.m2/repository"/>
    <property name="java.vendor.url.bug" value="https://bugreport.java.com/bugreport/"/>
    <property name="java.io.tmpdir" value="/var/folders/d6/p3klfnp52l156bgk9jj2ch140000gn/T/"/>
    <property name="java.version" value="11.0.7"/>
    <property name="user.dir" value="/Users/matianze/Desktop/test/add-search-engine"/>
    <property name="os.arch" value="x86_64"/>
    <property name="java.vm.specification.name" value="Java Virtual Machine Specification"/>
    <property name="java.awt.printerjob" value="sun.lwawt.macosx.CPrinterJob"/>
    <property name="sun.os.patch.level" value="unknown"/>
    <property name="java.library.path" value="/Users/matianze/Library/Java/Extensions:/Library/Java/Extensions:/Network/Library/Java/Extensions:/System/Library/Java/Extensions:/usr/lib/java:."/>
    <property name="java.vendor" value="Oracle Corporation"/>
    <property name="java.vm.info" value="mixed mode"/>
    <property name="java.vm.version" value="11.0.7+8-LTS"/>
    <property name="sun.io.unicode.encoding" value="UnicodeBig"/>
    <property name="java.class.version" value="55.0"/>
    <property name="socksNonProxyHosts" value="local|*.local|169.254/16|*.169.254/16"/>
  </properties>
  <testcase name="addOrderToCart on addOrderToCart(com.cs5500.NEUEat.controller.OrderControllerTest)" classname="com.cs5500.NEUEat.controller.OrderControllerTest" time="0.147"/>
  <testcase name="checkoutUsers on checkoutUsers(com.cs5500.NEUEat.controller.OrderControllerTest)" classname="com.cs5500.NEUEat.controller.OrderControllerTest" time="0.137"/>
  <testcase name="addComment on addComment(com.cs5500.NEUEat.controller.OrderControllerTest)" classname="com.cs5500.NEUEat.controller.OrderControllerTest" time="0.008"/>
  <testcase name="deleteOrder on deleteOrder(com.cs5500.NEUEat.controller.OrderControllerTest)" classname="com.cs5500.NEUEat.controller.OrderControllerTest" time="0.019"/>
  <testcase name="deleteComment on deleteComment(com.cs5500.NEUEat.controller.OrderControllerTest)" classname="com.cs5500.NEUEat.controller.OrderControllerTest" time="0.01"/>
</testsuite>