<?xml version="1.0" encoding="UTF-8"?>
<!-- Generated by org.testng.reporters.JUnitReportReporter -->
<testsuite hostname="s-MacBook-Pro.local" failures="0" tests="5" name="com.cs5500.NEUEat.controller.OrderControllerTest" time="22.572" errors="0" timestamp="03 Dec 2020 09:00:32 GMT" skipped="0">
  <testcase classname="com.cs5500.NEUEat.controller.OrderControllerTest" name="deleteOrder" time="4.560"/>
  <testcase classname="com.cs5500.NEUEat.controller.OrderControllerTest" name="deleteComment" time="4.574"/>
  <testcase classname="com.cs5500.NEUEat.controller.OrderControllerTest" name="addComment" time="4.535"/>
  <testcase classname="com.cs5500.NEUEat.controller.OrderControllerTest" name="checkoutUsers" time="4.523"/>
  <testcase classname="com.cs5500.NEUEat.controller.OrderControllerTest" name="addOrderToCart" time="4.380"/>
</testsuite> <!-- com.cs5500.NEUEat.controller.OrderControllerTest -->
