<?xml version="1.0" encoding="UTF-8"?>
<!-- Generated by org.testng.reporters.JUnitReportReporter -->
<testsuite hostname="MacBook-Pro-2.local" failures="0" tests="13" name="com.cs5500.NEUEat.controller.DriverControllerTest" time="3.265" errors="0" timestamp="08 Dec 2020 23:17:13 GMT" skipped="0">
  <testcase classname="com.cs5500.NEUEat.controller.DriverControllerTest" name="getDriverById" time="0.295"/>
  <testcase classname="com.cs5500.NEUEat.controller.DriverControllerTest" name="logoutDriver" time="0.430"/>
  <testcase classname="com.cs5500.NEUEat.controller.DriverControllerTest" name="acceptOrder" time="0.313"/>
  <testcase classname="com.cs5500.NEUEat.controller.DriverControllerTest" name="resetAddress" time="0.037"/>
  <testcase classname="com.cs5500.NEUEat.controller.DriverControllerTest" name="finishOrder" time="0.447"/>
  <testcase classname="com.cs5500.NEUEat.controller.DriverControllerTest" name="resetPassword" time="0.268"/>
  <testcase classname="com.cs5500.NEUEat.controller.DriverControllerTest" name="getOrderHistory" time="0.209"/>
  <testcase classname="com.cs5500.NEUEat.controller.DriverControllerTest" name="getPendingOrders" time="0.250"/>
  <testcase classname="com.cs5500.NEUEat.controller.DriverControllerTest" name="resetPhoneNumber" time="0.284"/>
  <testcase classname="com.cs5500.NEUEat.controller.DriverControllerTest" name="loginDriver" time="0.416"/>
  <testcase classname="com.cs5500.NEUEat.controller.DriverControllerTest" name="deleterDriver" time="0.063"/>
  <testcase classname="com.cs5500.NEUEat.controller.DriverControllerTest" name="getActiveOrder" time="0.070"/>
  <testcase classname="com.cs5500.NEUEat.controller.DriverControllerTest" name="registerDriver" time="0.183"/>
</testsuite> <!-- com.cs5500.NEUEat.controller.DriverControllerTest -->
