<?xml version="1.0" encoding="UTF-8"?>
<!-- Generated by org.testng.reporters.JUnitReportReporter -->
<testsuite hostname="MacBook-Pro-2.local" failures="0" tests="11" name="com.cs5500.NEUEat.controller.CustomerControllerTest" time="66.980" errors="0" timestamp="08 Dec 2020 23:17:13 GMT" skipped="0">
  <testcase classname="com.cs5500.NEUEat.controller.CustomerControllerTest" name="resetPassword" time="6.198"/>
  <testcase classname="com.cs5500.NEUEat.controller.CustomerControllerTest" name="getCustomerById" time="5.836"/>
  <testcase classname="com.cs5500.NEUEat.controller.CustomerControllerTest" name="getOrderHistory" time="5.945"/>
  <testcase classname="com.cs5500.NEUEat.controller.CustomerControllerTest" name="deleterCustomer" time="5.975"/>
  <testcase classname="com.cs5500.NEUEat.controller.CustomerControllerTest" name="getShoppingCart" time="6.215"/>
  <testcase classname="com.cs5500.NEUEat.controller.CustomerControllerTest" name="registerCustomer" time="6.326"/>
  <testcase classname="com.cs5500.NEUEat.controller.CustomerControllerTest" name="getActiveOrders" time="5.903"/>
  <testcase classname="com.cs5500.NEUEat.controller.CustomerControllerTest" name="logoutCustomer" time="6.331"/>
  <testcase classname="com.cs5500.NEUEat.controller.CustomerControllerTest" name="resetPhoneNumber" time="6.233"/>
  <testcase classname="com.cs5500.NEUEat.controller.CustomerControllerTest" name="resetAddress" time="5.865"/>
  <testcase classname="com.cs5500.NEUEat.controller.CustomerControllerTest" name="loginCustomer" time="6.153"/>
</testsuite> <!-- com.cs5500.NEUEat.controller.CustomerControllerTest -->
